

Microchip MPLAB XC8 Assembler V2.45 build 20230818022343 
                                                                                                           Wed Jan 22 20:16:50 2025


     1                           	processor	18F2550
     2                           	pagewidth 132
     3                           	psect	const,global,reloc=2,class=CONST,delta=1,noexec
     4                           	psect	smallconst,global,reloc=2,class=SMALLCONST,delta=1,noexec
     5                           	psect	mediumconst,global,reloc=2,class=MEDIUMCONST,delta=1,noexec
     6                           	psect	rbss,global,class=COMRAM,space=1,delta=1,noexec
     7                           	psect	bss,global,class=RAM,space=1,delta=1,noexec
     8                           	psect	rdata,global,class=COMRAM,space=1,delta=1,noexec
     9                           	psect	irdata,global,reloc=2,class=CODE,delta=1,noexec
    10                           	psect	data,global,class=RAM,space=1,delta=1,noexec
    11                           	psect	idata,global,reloc=2,class=CODE,delta=1,noexec
    12                           	psect	nvrram,global,class=COMRAM,space=1,delta=1,noexec
    13                           	psect	nvbit,global,bit,class=COMRAM,space=1,delta=1,noexec
    14                           	psect	temp,global,ovrld,class=COMRAM,space=1,delta=1,noexec
    15                           	psect	struct,global,ovrld,class=COMRAM,space=1,delta=1,noexec
    16                           	psect	rbit,global,bit,class=COMRAM,space=1,delta=1,noexec
    17                           	psect	bigbss,global,class=BIGRAM,space=1,delta=1,noexec
    18                           	psect	bigdata,global,class=BIGRAM,space=1,delta=1,noexec
    19                           	psect	ibigdata,global,reloc=2,class=CODE,delta=1,noexec
    20                           	psect	farbss,global,reloc=2,class=FARRAM,delta=1,noexec
    21                           	psect	nvFARRAM,global,reloc=2,class=FARRAM,delta=1,noexec
    22                           	psect	fardata,global,reloc=2,class=FARRAM,delta=1,noexec
    23                           	psect	ifardata,global,reloc=2,class=CODE,delta=1,noexec
    24                           	psect	reset_vec,global,reloc=2,class=CODE,delta=1
    25                           	psect	powerup,global,reloc=2,class=CODE,delta=1
    26                           	psect	init,global,reloc=2,class=CODE,delta=1
    27                           	psect	text,global,reloc=2,class=CODE,delta=1
    28                           	psect	clrtext,global,reloc=2,class=CODE,delta=1
    29                           	psect	config,global,class=CONFIG,space=4,delta=1,noexec
    30                           	psect	idloc,global,class=IDLOC,space=5,delta=1,noexec
    31                           	psect	intcode,global,reloc=2,class=CODE,delta=1
    32                           	psect	intcode_body,global,reloc=2,class=CODE,delta=1
    33                           	psect	intcodelo,global,reloc=2,class=CODE,delta=1
    34                           	psect	intret,global,reloc=2,class=CODE,delta=1
    35                           	psect	intentry,global,reloc=2,class=CODE,delta=1
    36                           	psect	intsave_regs,global,class=BIGRAM,space=1,delta=1
    37                           	psect	eeprom_data,global,class=EEDATA,delta=1,noexec
    38                           	psect	ramtop,global,class=RAM,delta=1,noexec
    39                           	psect	stack,global,class=STACK,space=2,delta=1,noexec
    40                           	psect	heap,global,class=HEAP,space=7,delta=1,noexec
    41                           	psect	comram,global,class=COMRAM,space=1,delta=1
    42                           	psect	abs1,global,class=ABS1,space=1,delta=1
    43                           	psect	bigram,global,class=BIGRAM,space=1,delta=1
    44                           	psect	ram,global,class=RAM,space=1,delta=1
    45                           	psect	bank0,global,class=BANK0,space=1,delta=1
    46                           	psect	bank1,global,class=BANK1,space=1,delta=1
    47                           	psect	bank2,global,class=BANK2,space=1,delta=1
    48                           	psect	bank3,global,class=BANK3,space=1,delta=1
    49                           	psect	bank4,global,class=BANK4,space=1,delta=1
    50                           	psect	bank5,global,class=BANK5,space=1,delta=1
    51                           	psect	bank6,global,class=BANK6,space=1,delta=1
    52                           	psect	bank7,global,class=BANK7,space=1,delta=1
    53                           	psect	sfr,global,class=SFR,space=1,delta=1
    54                           	psect	bigsfr,global,class=BIGSFR,space=1,delta=1
    55                           
    56                           ; Microchip MPLAB XC8 C Compiler V2.45
    57                           ; Copyright (C) 2023 Microchip Technology Inc.
    58                           ; Auto-generated runtime startup code for final link stage.
    59                           ;
    60                           ; Compiler options:
    61                           ;
    62                           ; transmitter.c
    63                           ;
    64   000000                     
    65                           ; Generated 18/08/2023 GMT
    66                           ; 
    67                           ; Copyright © 2023, Microchip Technology Inc. and its subsidiaries ("Microchip")
    68                           ; All rights reserved.
    69                           ; 
    70                           ; This software is developed by Microchip Technology Inc. and its subsidiaries ("Microchip").
    71                           ; 
    72                           ; Redistribution and use in source and binary forms, with or without modification, are
    73                           ; permitted provided that the following conditions are met:
    74                           ; 
    75                           ;     1. Redistributions of source code must retain the above copyright notice, this list of
    76                           ;        conditions and the following disclaimer.
    77                           ; 
    78                           ;     2. Redistributions in binary form must reproduce the above copyright notice, this list
    79                           ;        of conditions and the following disclaimer in the documentation and/or other
    80                           ;        materials provided with the distribution. Publication is not required when
    81                           ;        this file is used in an embedded application.
    82                           ; 
    83                           ;     3. Microchip's name may not be used to endorse or promote products derived from this
    84                           ;        software without specific prior written permission.
    85                           ; 
    86                           ; THIS SOFTWARE IS PROVIDED BY MICROCHIP "AS IS" AND ANY EXPRESS OR IMPLIED WARRANTIES,
    87                           ; INCLUDING, BUT NOT LIMITED TO, THE IMPLIED WARRANTIES OF MERCHANTABILITY AND FITNESS FOR
    88                           ; PURPOSE ARE DISCLAIMED.  IN NO EVENT SHALL MICROCHIP BE LIABLE FOR ANY DIRECT, INDIRECT,
    89                           ; INCIDENTAL, SPECIAL, EXEMPLARY, OR CONSEQUENTIAL DAMAGES (INCLUDING BUT NOT LIMITED TO
    90                           ; PROCUREMENT OF SUBSTITUTE GOODS OR SERVICES; LOSS OF USE, DATA OR PROFITS; OR BUSINESS
    91                           ; INTERRUPTION) HOWSOEVER CAUSED AND ON ANY THEORY OF LIABILITY, WHETHER IN CONTRACT, STRICT
    92                           ; LIABILITY, OR TORT (INCLUDING NEGLIGENCE OR OTHERWISE) ARISING IN ANY WAY OUT OF THE USE OF
    93                           ; THIS SOFTWARE, EVEN IF ADVISED OF THE POSSIBILITY OF SUCH DAMAGE.
    94                           ; 
    95                           ; 
    96                           ; Code-generator required, PIC18F2550 Definitions
    97                           ; 
    98                           ; SFR Addresses
    99   000000                     
   100                           	psect	smallconst
   101   000800                     __smallconst:
   102                           	callstack 0
   103                           
   104                           	psect	mediumconst
   105   000000                     __mediumconst:
   106                           	callstack 0	; top of RAM usage
   107                           
   108                           	psect	reset_vec
   109   000000                     
   110                           ; No powerup routine
   111                           ; No interrupt routine
   112   000000                     
   113                           ;Initialize the stack pointer (FSR1)
   114   000000                     
   115                           	psect	init
   116   000000                     start:
   117                           	callstack 0
   118   000000  EF01  F004         	goto	start_initialization	;jump to C runtime clear & initialization
   119                           
   120                           	psect	text
   121   000000                     intlevel0:
   122                           	callstack 0
   123   000000                     intlevel1:
   124                           	callstack 0
   125   000000                     intlevel2:
   126                           	callstack 0
   127   000000                     intlevel3:
   128                           	callstack 0
   129                           
   130                           	psect	ramtop
   131   000800                     __ramtop:
   132                           	callstack 0
   133                           
   134                           	psect	stack
   135   000000                     ___sp:
   136                           	callstack 0
   137   000000                     ___inthi_sp:
   138                           	callstack 0
   139   000000                     ___intlo_sp:
   140                           	callstack 0
   141   000000                     ___stack_lo:
   142                           	callstack 0
   143   000000                     ___stack_hi:
   144                           	callstack 0
   145   000000                     ___inthi_stack_lo:
   146                           	callstack 0
   147   000000                     ___inthi_stack_hi:
   148                           	callstack 0
   149   000000                     ___intlo_stack_lo:
   150                           	callstack 0
   151   000000                     ___intlo_stack_hi:
   152                           	callstack 0
   153                           
   154                           ; No heap to be allocated
   155                           
   156                           	psect	heap
   157   000000                     tosu	equ	0xFFF
   158                           tosh	equ	0xFFE
   159                           tosl	equ	0xFFD
   160                           stkptr	equ	0xFFC
   161                           pclatu	equ	0xFFB
   162                           pclath	equ	0xFFA
   163                           pcl	equ	0xFF9
   164                           tblptru	equ	0xFF8
   165                           tblptrh	equ	0xFF7
   166                           tblptrl	equ	0xFF6
   167                           tablat	equ	0xFF5
   168                           prodh	equ	0xFF4
   169                           prodl	equ	0xFF3
   170                           indf0	equ	0xFEF
   171                           postinc0	equ	0xFEE
   172                           postdec0	equ	0xFED
   173                           preinc0	equ	0xFEC
   174                           plusw0	equ	0xFEB
   175                           fsr0h	equ	0xFEA
   176                           fsr0l	equ	0xFE9
   177                           wreg	equ	0xFE8
   178                           indf1	equ	0xFE7
   179                           postinc1	equ	0xFE6
   180                           postdec1	equ	0xFE5
   181                           preinc1	equ	0xFE4
   182                           plusw1	equ	0xFE3
   183                           fsr1h	equ	0xFE2
   184                           fsr1l	equ	0xFE1
   185                           bsr	equ	0xFE0
   186                           indf2	equ	0xFDF
   187                           postinc2	equ	0xFDE
   188                           postdec2	equ	0xFDD
   189                           preinc2	equ	0xFDC
   190                           plusw2	equ	0xFDB
   191                           fsr2h	equ	0xFDA
   192                           fsr2l	equ	0xFD9
   193                           status	equ	0xFD8


Microchip Technology PIC18 Macro Assembler V2.45 build 20230818022343 
Symbol Table                                                                                               Wed Jan 22 20:16:50 2025

                __S1 000D                 ___sp 0000                 _main 0834                 start 0000  
              __HRAM 0000                __LRAM 0001               isa$std 0001     ___inthi_stack_hi 0000  
   ___inthi_stack_lo 0000         __mediumconst 0000               stackhi 0000               stacklo 0000  
         __accesstop 0060           ___inthi_sp 0000           ___intlo_sp 0000           ___stack_hi 0000  
         ___stack_lo 0000     ___intlo_stack_hi 0000     ___intlo_stack_lo 0000              __ramtop 0800  
start_initialization 0802            ___heap_hi 0000            ___heap_lo 0000          __smallconst 0800  
           isa$xinst 0000             intlevel0 0000             intlevel1 0000             intlevel2 0000  
           intlevel3 0000             reset_vec 0000  
